[debug] [2025-03-15T01:30:06.887Z] ----------------------------------------------------------------------
[debug] [2025-03-15T01:30:06.889Z] Command:       /usr/local/bin/firebase /Users/j.mrles/.cache/firebase/tools/lib/node_modules/firebase-tools/lib/bin/firebase deploy
[debug] [2025-03-15T01:30:06.890Z] CLI Version:   13.7.1
[debug] [2025-03-15T01:30:06.890Z] Platform:      darwin
[debug] [2025-03-15T01:30:06.890Z] Node Version:  v18.5.0
[debug] [2025-03-15T01:30:06.895Z] Time:          Fri Mar 14 2025 21:30:06 GMT-0400 (Eastern Daylight Time)
[debug] [2025-03-15T01:30:06.895Z] ----------------------------------------------------------------------
[debug] 
[debug] [2025-03-15T01:30:06.963Z] > command requires scopes: ["email","openid","https://www.googleapis.com/auth/cloudplatformprojects.readonly","https://www.googleapis.com/auth/firebase","https://www.googleapis.com/auth/cloud-platform"]
[debug] [2025-03-15T01:30:06.964Z] > authorizing via signed-in user (javiermduarte70@gmail.com)
[debug] [2025-03-15T01:30:06.964Z] [iam] checking project gl-labs-angular for permissions ["firebase.projects.get","firebasehosting.sites.update"]
[debug] [2025-03-15T01:30:06.966Z] >>> [apiv2][query] POST https://cloudresourcemanager.googleapis.com/v1/projects/gl-labs-angular:testIamPermissions [none]
[debug] [2025-03-15T01:30:06.967Z] >>> [apiv2][(partial)header] POST https://cloudresourcemanager.googleapis.com/v1/projects/gl-labs-angular:testIamPermissions x-goog-quota-user=projects/gl-labs-angular
[debug] [2025-03-15T01:30:06.967Z] >>> [apiv2][body] POST https://cloudresourcemanager.googleapis.com/v1/projects/gl-labs-angular:testIamPermissions {"permissions":["firebase.projects.get","firebasehosting.sites.update"]}
[debug] [2025-03-15T01:30:07.489Z] <<< [apiv2][status] POST https://cloudresourcemanager.googleapis.com/v1/projects/gl-labs-angular:testIamPermissions 200
[debug] [2025-03-15T01:30:07.489Z] <<< [apiv2][body] POST https://cloudresourcemanager.googleapis.com/v1/projects/gl-labs-angular:testIamPermissions {"permissions":["firebase.projects.get","firebasehosting.sites.update"]}
[debug] [2025-03-15T01:30:07.491Z] >>> [apiv2][query] GET https://firebase.googleapis.com/v1beta1/projects/gl-labs-angular [none]
[debug] [2025-03-15T01:30:08.097Z] <<< [apiv2][status] GET https://firebase.googleapis.com/v1beta1/projects/gl-labs-angular 200
[debug] [2025-03-15T01:30:08.098Z] <<< [apiv2][body] GET https://firebase.googleapis.com/v1beta1/projects/gl-labs-angular {"projectId":"gl-labs-angular","projectNumber":"253296957336","displayName":"gl-labs-angular","name":"projects/gl-labs-angular","resources":{"hostingSite":"gl-labs-angular"},"state":"ACTIVE","etag":"1_3e4a9236-5fe0-49bd-9655-4b5239622b30"}
[info] 
[info] === Deploying to 'gl-labs-angular'...
[info] 
[info] i  deploying hosting 
[debug] [2025-03-15T01:30:08.106Z] >>> [apiv2][query] POST https://firebasehosting.googleapis.com/v1beta1/projects/-/sites/gl-labs-angular/versions [none]
[debug] [2025-03-15T01:30:08.107Z] >>> [apiv2][body] POST https://firebasehosting.googleapis.com/v1beta1/projects/-/sites/gl-labs-angular/versions {"status":"CREATED","labels":{"deployment-tool":"cli-firebase"}}
[debug] [2025-03-15T01:30:08.749Z] <<< [apiv2][status] POST https://firebasehosting.googleapis.com/v1beta1/projects/-/sites/gl-labs-angular/versions 200
[debug] [2025-03-15T01:30:08.750Z] <<< [apiv2][body] POST https://firebasehosting.googleapis.com/v1beta1/projects/-/sites/gl-labs-angular/versions {"name":"projects/253296957336/sites/gl-labs-angular/versions/942ba5b3ac426b7e","status":"CREATED","config":{},"labels":{"deployment-tool":"cli-firebase"}}
[info] i  hosting[gl-labs-angular]: beginning deploy... 
[info] i  hosting[gl-labs-angular]: found 28 files in dist/gl-labs-angular/browser 
[debug] [2025-03-15T01:30:08.767Z] [hosting] uploading with 200 concurrency
[debug] [2025-03-15T01:30:14.411Z] [hosting] hash cache [ZGlzdC9nbC1sYWJzLWFuZ3VsYXIvYnJvd3Nlcg] stored for 28 files
[debug] [2025-03-15T01:30:14.411Z] [hosting][hash queue][FINAL] {"max":5634,"min":23,"avg":1539,"active":0,"complete":28,"success":28,"errored":0,"retried":0,"total":28,"elapsed":5641}
[debug] [2025-03-15T01:30:14.411Z] >>> [apiv2][query] POST https://firebasehosting.googleapis.com/v1beta1/projects/253296957336/sites/gl-labs-angular/versions/942ba5b3ac426b7e:populateFiles [none]
[debug] [2025-03-15T01:30:14.411Z] >>> [apiv2][body] POST https://firebasehosting.googleapis.com/v1beta1/projects/253296957336/sites/gl-labs-angular/versions/942ba5b3ac426b7e:populateFiles {"files":{"/polyfills-FFHMD2TL.js":"6075124193ae87443261f9d214394ace3b7ce5efb550d0a94eefec61bb22cbbc","/index.html":"1746ea1af2c47724351f095b734207ce236fbe818c11b890ca357bb4cb7014d2","/favicon.ico":"d140ce5fc81b609583d1b31b2a4b1b5c58fa930e6beaf60325c7c21748dbb873","/styles-E5R2EAIZ.css":"e48498107d7d44efbbc76c77fe750b5a81405becd9ab4c59a9f3cffdadc8f67a","/images/galaxylabsicon.png":"cef8f9ae90731eeb16c615b1a362287368e2bd7653a12f63d05bbae52e36b74d","/images/galaxylabslogo2.png":"ef445ca53b38d6564095dc7fae17b05b3b77ec6f105b15838269a62e20b7af87","/images/galaxylabslogo.png":"4ba0e28523fa822fe6643e5f31c1b6101924398d89ed57c78ae8a6e5b8ef9331","/chunk-OGD74AAD.js":"8b8d5fc4e00d6aecc3ff2947c16c4378bd0a362841e1b28fb3b4060ef686cc3f","/images/galaxylabslogo2.tif":"7aa21ec2e5e740e8fe8445cc04616241c6c62adcd472d8330c3b293417c38fc3","/images/geneisMock.png":"514933ebd8e0a8a5446c067782eb712249bf15a07ee9014f5c542a3815cffad7","/main-ZYRKVQ2H.js":"a3be8e3abf668743214560da9ed5331f7ac283159f4d3e27e83d65010a1e1669","/chunk-PT6GTOJ5.js":"09a567c7408d5140699a2dcd498c36b87abf214f57703f2874cfae97678d206a","/images/careers.jpeg":"111e4b3019fb399bb89dd3333913d3d297113408fe1ed8eb4f6b5dfe8eb7fc81","/images/painting.png":"3c56eb16653e0ee1e4ad14636e01a69f7d4797fb2d3c8e961d7820009f0ec482","/images/earth-fade.png":"ad8deb2b26fe79929a974a28be54d9a746fe48f0f0620f62bd373459ae0b71ff","/images/galaxy.png":"28b85da24f0851c171500eb8cde823e5f147dec34a4002b21243eada483772fa","/images/electrical.png":"0a3740ce6dd569ee7327011731efe09f1c32cf77e021e21c511aed09dd8fec9f","/images/genesis_home.mp4":"02331dfa71bf921150634442bc4172fe4b41349bcda18334ce183882f5ef8d5c","/images/grass.png":"73f5aff7ae668e06341f3db0270fbe9282ba9353546b0fc26532e44a5c54b21f","/images/cityscape.mp4":"5171040a776d2dd172e4f189874263ae7a4bfcaec263957d9ed9caebbdfcb033","/images/construction.png":"69b82b302d361686630fff51c14777d0c31f466e69ee20b4f0596a9c6fb66c70","/images/construction-site.png":"00e6b739c1e59bcd9ace79d1f083f07ec4855cb46562d0eb835cc218901090ea","/images/careers.png":"13a706d7312d307ea7e05e148ff1f14eb2fcc9ae16bfb1ea06eb6f73400daa72","/images/scholarship.png":"63271fd783b8390f9f01991bcf643d2306bcbddd63adeb45b58599eb2e7efb43","/images/medical_background.mp4":"4fef42c5321b562f7bd6b81fc38469f773605a76cbd5125c2871c71daf51eedc","/images/mowing.png":"3eef30908ac2f8b8e94cd0528bda47007ffb203fcb5b143b5d0b04f12a024528","/images/solutions.png":"12fb25e10d5b412ae12fdaa79c8d24af98ee820c8e0b0452be76076fe7f3a864","/images/construction-sunset.png":"a3864f41435b73a58a8a24779680f03b2dba022396ba89785b09063586a3f32b"}}
[debug] [2025-03-15T01:30:14.872Z] <<< [apiv2][status] POST https://firebasehosting.googleapis.com/v1beta1/projects/253296957336/sites/gl-labs-angular/versions/942ba5b3ac426b7e:populateFiles 200
[debug] [2025-03-15T01:30:14.872Z] <<< [apiv2][body] POST https://firebasehosting.googleapis.com/v1beta1/projects/253296957336/sites/gl-labs-angular/versions/942ba5b3ac426b7e:populateFiles {"uploadRequiredHashes":["a3864f41435b73a58a8a24779680f03b2dba022396ba89785b09063586a3f32b","1746ea1af2c47724351f095b734207ce236fbe818c11b890ca357bb4cb7014d2","a3be8e3abf668743214560da9ed5331f7ac283159f4d3e27e83d65010a1e1669","00e6b739c1e59bcd9ace79d1f083f07ec4855cb46562d0eb835cc218901090ea"],"uploadUrl":"https://upload-firebasehosting.googleapis.com/upload/sites/gl-labs-angular/versions/942ba5b3ac426b7e/files"}
[debug] [2025-03-15T01:30:14.876Z] >>> [apiv2][query] POST https://upload-firebasehosting.googleapis.com/upload/sites/gl-labs-angular/versions/942ba5b3ac426b7e/files/a3864f41435b73a58a8a24779680f03b2dba022396ba89785b09063586a3f32b [none]
[debug] [2025-03-15T01:30:14.876Z] >>> [apiv2][body] POST https://upload-firebasehosting.googleapis.com/upload/sites/gl-labs-angular/versions/942ba5b3ac426b7e/files/a3864f41435b73a58a8a24779680f03b2dba022396ba89785b09063586a3f32b [stream]
[debug] [2025-03-15T01:30:14.878Z] >>> [apiv2][query] POST https://upload-firebasehosting.googleapis.com/upload/sites/gl-labs-angular/versions/942ba5b3ac426b7e/files/1746ea1af2c47724351f095b734207ce236fbe818c11b890ca357bb4cb7014d2 [none]
[debug] [2025-03-15T01:30:14.879Z] >>> [apiv2][body] POST https://upload-firebasehosting.googleapis.com/upload/sites/gl-labs-angular/versions/942ba5b3ac426b7e/files/1746ea1af2c47724351f095b734207ce236fbe818c11b890ca357bb4cb7014d2 [stream]
[debug] [2025-03-15T01:30:14.883Z] >>> [apiv2][query] POST https://upload-firebasehosting.googleapis.com/upload/sites/gl-labs-angular/versions/942ba5b3ac426b7e/files/a3be8e3abf668743214560da9ed5331f7ac283159f4d3e27e83d65010a1e1669 [none]
[debug] [2025-03-15T01:30:14.883Z] >>> [apiv2][body] POST https://upload-firebasehosting.googleapis.com/upload/sites/gl-labs-angular/versions/942ba5b3ac426b7e/files/a3be8e3abf668743214560da9ed5331f7ac283159f4d3e27e83d65010a1e1669 [stream]
[debug] [2025-03-15T01:30:14.885Z] >>> [apiv2][query] POST https://upload-firebasehosting.googleapis.com/upload/sites/gl-labs-angular/versions/942ba5b3ac426b7e/files/00e6b739c1e59bcd9ace79d1f083f07ec4855cb46562d0eb835cc218901090ea [none]
[debug] [2025-03-15T01:30:14.885Z] >>> [apiv2][body] POST https://upload-firebasehosting.googleapis.com/upload/sites/gl-labs-angular/versions/942ba5b3ac426b7e/files/00e6b739c1e59bcd9ace79d1f083f07ec4855cb46562d0eb835cc218901090ea [stream]
[debug] [2025-03-15T01:30:14.887Z] [hosting][populate queue][FINAL] {"max":466,"min":466,"avg":466,"active":0,"complete":1,"success":1,"errored":0,"retried":0,"total":1,"elapsed":477}
[debug] [2025-03-15T01:30:14.887Z] [hosting] uploads queued: 4
[debug] [2025-03-15T01:30:16.021Z] <<< [apiv2][status] POST https://upload-firebasehosting.googleapis.com/upload/sites/gl-labs-angular/versions/942ba5b3ac426b7e/files/a3be8e3abf668743214560da9ed5331f7ac283159f4d3e27e83d65010a1e1669 200
[debug] [2025-03-15T01:30:16.021Z] <<< [apiv2][body] POST https://upload-firebasehosting.googleapis.com/upload/sites/gl-labs-angular/versions/942ba5b3ac426b7e/files/a3be8e3abf668743214560da9ed5331f7ac283159f4d3e27e83d65010a1e1669 [stream]
[debug] [2025-03-15T01:30:16.127Z] <<< [apiv2][status] POST https://upload-firebasehosting.googleapis.com/upload/sites/gl-labs-angular/versions/942ba5b3ac426b7e/files/1746ea1af2c47724351f095b734207ce236fbe818c11b890ca357bb4cb7014d2 200
[debug] [2025-03-15T01:30:16.127Z] <<< [apiv2][body] POST https://upload-firebasehosting.googleapis.com/upload/sites/gl-labs-angular/versions/942ba5b3ac426b7e/files/1746ea1af2c47724351f095b734207ce236fbe818c11b890ca357bb4cb7014d2 [stream]
